2016-10-27 23:50:00,203 main INFO  a00884836.Lab5 (Lab5.java:105) - 2016-10-28T06:50:00.203Z
2016-10-27 23:50:00,312 main INFO  a00884836.Lab5 (Lab5.java:83) - Customer list in the original order:
2016-10-27 23:50:00,312 main INFO  io.CustomerReport (CustomerReport.java:49) - Customer report
2016-10-27 23:50:00,312 main INFO  io.CustomerReport (CustomerReport.java:50) - ----------------------------------------------------------------------------------------------------------------------------------------------
2016-10-27 23:50:00,312 main INFO  io.CustomerReport (CustomerReport.java:51) -   #. ID     First name   Last name    Street                    City         Postal Code  Phone           Email                    Join Date   
2016-10-27 23:50:00,328 main INFO  io.CustomerReport (CustomerReport.java:52) - ----------------------------------------------------------------------------------------------------------------------------------------------
2016-10-27 23:50:00,328 main INFO  io.CustomerReport (CustomerReport.java:59) -   1. 000001 Fred         Fish         5707 Sidley St            Burnaby      V5J 5E6      (604) 433-5004  fredfish@imperial.net    Feb 22 2008 
2016-10-27 23:50:00,328 main INFO  io.CustomerReport (CustomerReport.java:59) -   2. 000002 Laurie       Nash         2816 Commercial Dr        Vancouver    V5N 4C6      (604) 876-0182  laurieeenash@modern.com  Jul 28 2014 
2016-10-27 23:50:00,328 main INFO  io.CustomerReport (CustomerReport.java:59) -   3. 000003 Conrad       Washington   13479 King George Blvd    Surrey       V3T 2T8      (604) 588-4988  cwash@daytona.net        Jun 12 2011 
2016-10-27 23:50:00,328 main INFO  io.CustomerReport (CustomerReport.java:59) -   4. 000004 Jeanette     Price        21000 Westminster Hwy     Richmond     V6V 2S9      (604) 276-2552  priceizrite@pacific.com  Sep 03 2015 
2016-10-27 23:50:00,328 main INFO  io.CustomerReport (CustomerReport.java:59) -   5. 000005 Mark         Chan         3766 E 1st Ave            Burnaby      V5C 3V9      (604) 293-1022  mchan@hc.com             Mar 01 2010 
2016-10-27 23:50:00,328 main INFO  a00884836.Lab5 (Lab5.java:86) - Customer list sorted by join date:
2016-10-27 23:50:00,328 main INFO  io.CustomerReport (CustomerReport.java:49) - Customer report
2016-10-27 23:50:00,328 main INFO  io.CustomerReport (CustomerReport.java:50) - ----------------------------------------------------------------------------------------------------------------------------------------------
2016-10-27 23:50:00,328 main INFO  io.CustomerReport (CustomerReport.java:51) -   #. ID     First name   Last name    Street                    City         Postal Code  Phone           Email                    Join Date   
2016-10-27 23:50:00,328 main INFO  io.CustomerReport (CustomerReport.java:52) - ----------------------------------------------------------------------------------------------------------------------------------------------
2016-10-27 23:50:00,344 main INFO  io.CustomerReport (CustomerReport.java:59) -   1. 000001 Fred         Fish         5707 Sidley St            Burnaby      V5J 5E6      (604) 433-5004  fredfish@imperial.net    Feb 22 2008 
2016-10-27 23:50:00,344 main INFO  io.CustomerReport (CustomerReport.java:59) -   2. 000005 Mark         Chan         3766 E 1st Ave            Burnaby      V5C 3V9      (604) 293-1022  mchan@hc.com             Mar 01 2010 
2016-10-27 23:50:00,344 main INFO  io.CustomerReport (CustomerReport.java:59) -   3. 000003 Conrad       Washington   13479 King George Blvd    Surrey       V3T 2T8      (604) 588-4988  cwash@daytona.net        Jun 12 2011 
2016-10-27 23:50:00,344 main INFO  io.CustomerReport (CustomerReport.java:59) -   4. 000002 Laurie       Nash         2816 Commercial Dr        Vancouver    V5N 4C6      (604) 876-0182  laurieeenash@modern.com  Jul 28 2014 
2016-10-27 23:50:00,344 main INFO  io.CustomerReport (CustomerReport.java:59) -   5. 000004 Jeanette     Price        21000 Westminster Hwy     Richmond     V6V 2S9      (604) 276-2552  priceizrite@pacific.com  Sep 03 2015 
2016-10-27 23:50:00,344 main INFO  a00884836.Lab5 (Lab5.java:113) - 2016-10-28T06:50:00.344Z
2016-10-27 23:50:00,344 main INFO  a00884836.Lab5 (Lab5.java:115) - Runtime duration: 141 ms
